2019-07-25 22:11:59.667  INFO 16648 --- [restartedMain] c.g.p.ApplicationProductionService       : No active profile set, falling back to default profiles: default
2019-07-25 22:11:59.694  INFO 16648 --- [restartedMain] ConfigServletWebServerApplicationContext : Refreshing org.springframework.boot.web.servlet.context.AnnotationConfigServletWebServerApplicationContext@5110a6e5: startup date [Thu Jul 25 22:11:59 CST 2019]; parent: org.springframework.context.annotation.AnnotationConfigApplicationContext@6cb88351
2019-07-25 22:12:01.136  WARN 16648 --- [restartedMain] o.m.s.m.ClassPathMapperScanner           : No MyBatis mapper was found in '[com.gaohwangh.production]' package. Please check your configuration.
2019-07-25 22:12:01.719  INFO 16648 --- [restartedMain] o.s.c.c.s.GenericScope                   : BeanFactory id=49b7faa1-baea-32b3-bea4-5b2e5ca18a9e
2019-07-25 22:12:01.737  INFO 16648 --- [restartedMain] f.a.AutowiredAnnotationBeanPostProcessor : JSR-330 'javax.inject.Inject' annotation found and supported for autowiring
2019-07-25 22:12:01.855  INFO 16648 --- [restartedMain] trationDelegate$BeanPostProcessorChecker : Bean 'org.springframework.transaction.annotation.ProxyTransactionManagementConfiguration' of type [org.springframework.transaction.annotation.ProxyTransactionManagementConfiguration$$EnhancerBySpringCGLIB$$22faea94] is not eligible for getting processed by all BeanPostProcessors (for example: not eligible for auto-proxying)
2019-07-25 22:12:01.889  INFO 16648 --- [restartedMain] trationDelegate$BeanPostProcessorChecker : Bean 'org.springframework.cloud.autoconfigure.ConfigurationPropertiesRebinderAutoConfiguration' of type [org.springframework.cloud.autoconfigure.ConfigurationPropertiesRebinderAutoConfiguration$$EnhancerBySpringCGLIB$$3f14ed91] is not eligible for getting processed by all BeanPostProcessors (for example: not eligible for auto-proxying)
2019-07-25 22:12:02.931  INFO 16648 --- [restartedMain] o.s.b.w.e.t.TomcatWebServer              : Tomcat initialized with port(s): 8002 (http)
2019-07-25 22:12:02.969  INFO 16648 --- [restartedMain] o.a.c.c.StandardService                  : Starting service [Tomcat]
2019-07-25 22:12:02.970  INFO 16648 --- [restartedMain] o.a.c.c.StandardEngine                   : Starting Servlet Engine: Apache Tomcat/8.5.35
2019-07-25 22:12:02.977  INFO 16648 --- [localhost-startStop-1] o.a.c.c.AprLifecycleListener             : The APR based Apache Tomcat Native library which allows optimal performance in production environments was not found on the java.library.path: [C:\Program Files\Java\jdk1.8.0_121\bin;C:\WINDOWS\Sun\Java\bin;C:\WINDOWS\system32;C:\WINDOWS;D:\Program Files (x86)\NetSarang\Xshell 6\;C:\Program Files (x86)\Common Files\Oracle\Java\javapath;C:\ProgramData\Oracle\Java\javapath;C:\WINDOWS\system32;C:\WINDOWS;C:\WINDOWS\System32\Wbem;C:\WINDOWS\System32\WindowsPowerShell\v1.0\;C:\WINDOWS\System32\OpenSSH\;C:\Program Files\TortoiseSVN\bin;D:\Program Files\instantclient_11_2;C:\Program Files\MySQL\MySQL Server 5.5\bin;D:\Program Files\Git\cmd;D:\Program Files\erl10.2\bin;C:\Program Files\Intel\WiFi\bin\;C:\Program Files\Common Files\Intel\WirelessCommon\;E:\apache-maven-3.3.9\bin;C:\Program Files\Java\jdk1.8.0_121\bin;D:\Program Files\nodejs\node_global;D:\Program Files\nodejs\node_global\node_modules;D:\Program Files\nodejs\;C:\Users\GH\AppData\Local\Microsoft\WindowsApps;C:\Program Files\Intel\WiFi\bin\;C:\Program Files\Common Files\Intel\WirelessCommon\;C:\Users\GH\AppData\Roaming\npm;.]
2019-07-25 22:12:03.163  INFO 16648 --- [localhost-startStop-1] o.a.c.c.C.[.[.[/]                        : Initializing Spring embedded WebApplicationContext
2019-07-25 22:12:03.165  INFO 16648 --- [localhost-startStop-1] o.s.w.c.ContextLoader                    : Root WebApplicationContext: initialization completed in 3470 ms
2019-07-25 22:12:03.276  INFO 16648 --- [localhost-startStop-1] o.s.b.w.s.ServletRegistrationBean        : Servlet dispatcherServlet mapped to [/]
2019-07-25 22:12:03.285  INFO 16648 --- [localhost-startStop-1] o.s.b.w.s.FilterRegistrationBean         : Mapping filter: 'characterEncodingFilter' to: [/*]
2019-07-25 22:12:03.286  INFO 16648 --- [localhost-startStop-1] o.s.b.w.s.FilterRegistrationBean         : Mapping filter: 'hiddenHttpMethodFilter' to: [/*]
2019-07-25 22:12:03.286  INFO 16648 --- [localhost-startStop-1] o.s.b.w.s.FilterRegistrationBean         : Mapping filter: 'httpPutFormContentFilter' to: [/*]
2019-07-25 22:12:03.287  INFO 16648 --- [localhost-startStop-1] o.s.b.w.s.FilterRegistrationBean         : Mapping filter: 'requestContextFilter' to: [/*]
2019-07-25 22:12:04.130  WARN 16648 --- [restartedMain] c.n.c.s.URLConfigurationSource           : No URLs will be polled as dynamic configuration sources.
2019-07-25 22:12:04.131  INFO 16648 --- [restartedMain] c.n.c.s.URLConfigurationSource           : To enable URLs as dynamic configuration sources, define System property archaius.configurationSource.additionalUrls or make config.properties available on classpath.
2019-07-25 22:12:04.139  WARN 16648 --- [restartedMain] c.n.c.s.URLConfigurationSource           : No URLs will be polled as dynamic configuration sources.
2019-07-25 22:12:04.139  INFO 16648 --- [restartedMain] c.n.c.s.URLConfigurationSource           : To enable URLs as dynamic configuration sources, define System property archaius.configurationSource.additionalUrls or make config.properties available on classpath.
2019-07-25 22:12:04.324  INFO 16648 --- [restartedMain] o.s.w.s.h.SimpleUrlHandlerMapping        : Mapped URL path [/**/favicon.ico] onto handler of type [class org.springframework.web.servlet.resource.ResourceHttpRequestHandler]
2019-07-25 22:12:04.659  INFO 16648 --- [restartedMain] s.w.s.m.m.a.RequestMappingHandlerAdapter : Looking for @ControllerAdvice: org.springframework.boot.web.servlet.context.AnnotationConfigServletWebServerApplicationContext@5110a6e5: startup date [Thu Jul 25 22:11:59 CST 2019]; parent: org.springframework.context.annotation.AnnotationConfigApplicationContext@6cb88351
2019-07-25 22:12:04.765  INFO 16648 --- [restartedMain] s.w.s.m.m.a.RequestMappingHandlerMapping : Mapped "{[/papers/insert],methods=[POST],consumes=[application/json]}" onto public void com.gaohwangh.production.callback.PapersConsumerClientBackImpl.insert(com.gaohwangh.api.model.PapersModel)
2019-07-25 22:12:04.766  INFO 16648 --- [restartedMain] s.w.s.m.m.a.RequestMappingHandlerMapping : Mapped "{[/papers/selectAll],methods=[POST]}" onto public java.util.List<com.gaohwangh.api.model.PapersModel> com.gaohwangh.production.callback.PapersConsumerClientBackImpl.getPapers()
2019-07-25 22:12:04.767  INFO 16648 --- [restartedMain] s.w.s.m.m.a.RequestMappingHandlerMapping : Mapped "{[/papers/selectById]}" onto public com.gaohwangh.api.model.PapersModel com.gaohwangh.production.callback.PapersConsumerClientBackImpl.selectById(java.lang.Integer)
2019-07-25 22:12:04.770  INFO 16648 --- [restartedMain] s.w.s.m.m.a.RequestMappingHandlerMapping : Mapped "{[/error]}" onto public org.springframework.http.ResponseEntity<java.util.Map<java.lang.String, java.lang.Object>> org.springframework.boot.autoconfigure.web.servlet.error.BasicErrorController.error(javax.servlet.http.HttpServletRequest)
2019-07-25 22:12:04.771  INFO 16648 --- [restartedMain] s.w.s.m.m.a.RequestMappingHandlerMapping : Mapped "{[/error],produces=[text/html]}" onto public org.springframework.web.servlet.ModelAndView org.springframework.boot.autoconfigure.web.servlet.error.BasicErrorController.errorHtml(javax.servlet.http.HttpServletRequest,javax.servlet.http.HttpServletResponse)
2019-07-25 22:12:04.815  INFO 16648 --- [restartedMain] o.s.w.s.h.SimpleUrlHandlerMapping        : Mapped URL path [/webjars/**] onto handler of type [class org.springframework.web.servlet.resource.ResourceHttpRequestHandler]
2019-07-25 22:12:04.815  INFO 16648 --- [restartedMain] o.s.w.s.h.SimpleUrlHandlerMapping        : Mapped URL path [/**] onto handler of type [class org.springframework.web.servlet.resource.ResourceHttpRequestHandler]
2019-07-25 22:12:05.446  INFO 16648 --- [restartedMain] o.s.b.d.a.OptionalLiveReloadServer       : LiveReload server is running on port 35729
2019-07-25 22:12:07.039  INFO 16648 --- [restartedMain] o.s.j.e.a.AnnotationMBeanExporter        : Registering beans for JMX exposure on startup
2019-07-25 22:12:07.041  INFO 16648 --- [restartedMain] o.s.j.e.a.AnnotationMBeanExporter        : Bean with name 'dataSource' has been autodetected for JMX exposure
2019-07-25 22:12:07.059  INFO 16648 --- [restartedMain] o.s.j.e.a.AnnotationMBeanExporter        : Bean with name 'refreshScope' has been autodetected for JMX exposure
2019-07-25 22:12:07.060  INFO 16648 --- [restartedMain] o.s.j.e.a.AnnotationMBeanExporter        : Bean with name 'configurationPropertiesRebinder' has been autodetected for JMX exposure
2019-07-25 22:12:07.061  INFO 16648 --- [restartedMain] o.s.j.e.a.AnnotationMBeanExporter        : Bean with name 'environmentManager' has been autodetected for JMX exposure
2019-07-25 22:12:07.065  INFO 16648 --- [restartedMain] o.s.j.e.a.AnnotationMBeanExporter        : Located managed bean 'environmentManager': registering with JMX server as MBean [org.springframework.cloud.context.environment:name=environmentManager,type=EnvironmentManager]
2019-07-25 22:12:07.085  INFO 16648 --- [restartedMain] o.s.j.e.a.AnnotationMBeanExporter        : Located managed bean 'refreshScope': registering with JMX server as MBean [org.springframework.cloud.context.scope.refresh:name=refreshScope,type=RefreshScope]
2019-07-25 22:12:07.105  INFO 16648 --- [restartedMain] o.s.j.e.a.AnnotationMBeanExporter        : Located managed bean 'configurationPropertiesRebinder': registering with JMX server as MBean [org.springframework.cloud.context.properties:name=configurationPropertiesRebinder,context=5110a6e5,type=ConfigurationPropertiesRebinder]
2019-07-25 22:12:07.114  INFO 16648 --- [restartedMain] o.s.j.e.a.AnnotationMBeanExporter        : Located MBean 'dataSource': registering with JMX server as MBean [com.alibaba.druid.pool:name=dataSource,type=DruidDataSource]
2019-07-25 22:12:07.122  INFO 16648 --- [restartedMain] o.s.c.s.DefaultLifecycleProcessor        : Starting beans in phase 0
2019-07-25 22:12:07.142  INFO 16648 --- [restartedMain] o.s.c.n.e.InstanceInfoFactory            : Setting initial instance status as: STARTING
2019-07-25 22:12:07.244  INFO 16648 --- [restartedMain] c.n.d.DiscoveryClient                    : Initializing Eureka in region us-east-1
2019-07-25 22:12:07.333  INFO 16648 --- [restartedMain] c.n.d.p.DiscoveryJerseyProvider          : Using JSON encoding codec LegacyJacksonJson
2019-07-25 22:12:07.333  INFO 16648 --- [restartedMain] c.n.d.p.DiscoveryJerseyProvider          : Using JSON decoding codec LegacyJacksonJson
2019-07-25 22:12:07.490  INFO 16648 --- [restartedMain] c.n.d.p.DiscoveryJerseyProvider          : Using XML encoding codec XStreamXml
2019-07-25 22:12:07.490  INFO 16648 --- [restartedMain] c.n.d.p.DiscoveryJerseyProvider          : Using XML decoding codec XStreamXml
2019-07-25 22:12:08.029  INFO 16648 --- [restartedMain] c.n.d.s.r.a.ConfigClusterResolver        : Resolving eureka endpoints via configuration
2019-07-25 22:12:08.353  INFO 16648 --- [restartedMain] c.n.d.DiscoveryClient                    : Disable delta property : false
2019-07-25 22:12:08.353  INFO 16648 --- [restartedMain] c.n.d.DiscoveryClient                    : Single vip registry refresh property : null
2019-07-25 22:12:08.353  INFO 16648 --- [restartedMain] c.n.d.DiscoveryClient                    : Force full registry fetch : false
2019-07-25 22:12:08.354  INFO 16648 --- [restartedMain] c.n.d.DiscoveryClient                    : Application is null : false
2019-07-25 22:12:08.354  INFO 16648 --- [restartedMain] c.n.d.DiscoveryClient                    : Registered Applications size is zero : true
2019-07-25 22:12:08.354  INFO 16648 --- [restartedMain] c.n.d.DiscoveryClient                    : Application version is -1: true
2019-07-25 22:12:08.354  INFO 16648 --- [restartedMain] c.n.d.DiscoveryClient                    : Getting all instance registry info from the eureka server
2019-07-25 22:12:08.733  INFO 16648 --- [restartedMain] c.n.d.DiscoveryClient                    : The response status is 200
2019-07-25 22:12:08.735  INFO 16648 --- [restartedMain] c.n.d.DiscoveryClient                    : Starting heartbeat executor: renew interval is: 5
2019-07-25 22:12:08.739  INFO 16648 --- [restartedMain] c.n.d.InstanceInfoReplicator             : InstanceInfoReplicator onDemand update allowed rate per min is 4
2019-07-25 22:12:08.744  INFO 16648 --- [restartedMain] c.n.d.DiscoveryClient                    : Discovery Client initialized at timestamp 1564063928743 with initial instances count: 0
2019-07-25 22:12:08.751  INFO 16648 --- [restartedMain] o.s.c.n.e.s.EurekaServiceRegistry        : Registering application OURLOVE-PRODUCTION with eureka with status UP
2019-07-25 22:12:08.752  INFO 16648 --- [restartedMain] c.n.d.DiscoveryClient                    : Saw local status change event StatusChangeEvent [timestamp=1564063928752, current=UP, previous=STARTING]
2019-07-25 22:12:08.754  INFO 16648 --- [DiscoveryClient-InstanceInfoReplicator-0] c.n.d.DiscoveryClient                    : DiscoveryClient_OURLOVE-PRODUCTION/ourlove-production:8002: registering service...
2019-07-25 22:12:08.842  INFO 16648 --- [restartedMain] o.s.b.w.e.t.TomcatWebServer              : Tomcat started on port(s): 8002 (http) with context path ''
2019-07-25 22:12:08.846  INFO 16648 --- [restartedMain] .s.c.n.e.s.EurekaAutoServiceRegistration : Updating port to 8002
2019-07-25 22:12:08.851  INFO 16648 --- [restartedMain] c.g.p.ApplicationProductionService       : Started ApplicationProductionService in 12.435 seconds (JVM running for 15.029)
2019-07-25 22:12:08.924  INFO 16648 --- [DiscoveryClient-InstanceInfoReplicator-0] c.n.d.DiscoveryClient                    : DiscoveryClient_OURLOVE-PRODUCTION/ourlove-production:8002 - registration status: 204
2019-07-25 22:12:38.762  INFO 16648 --- [DiscoveryClient-CacheRefreshExecutor-0] c.n.d.DiscoveryClient                    : Disable delta property : false
2019-07-25 22:12:38.762  INFO 16648 --- [DiscoveryClient-CacheRefreshExecutor-0] c.n.d.DiscoveryClient                    : Single vip registry refresh property : null
2019-07-25 22:12:38.762  INFO 16648 --- [DiscoveryClient-CacheRefreshExecutor-0] c.n.d.DiscoveryClient                    : Force full registry fetch : false
2019-07-25 22:12:38.763  INFO 16648 --- [DiscoveryClient-CacheRefreshExecutor-0] c.n.d.DiscoveryClient                    : Application is null : false
2019-07-25 22:12:38.763  INFO 16648 --- [DiscoveryClient-CacheRefreshExecutor-0] c.n.d.DiscoveryClient                    : Registered Applications size is zero : true
2019-07-25 22:12:38.763  INFO 16648 --- [DiscoveryClient-CacheRefreshExecutor-0] c.n.d.DiscoveryClient                    : Application version is -1: false
2019-07-25 22:12:38.763  INFO 16648 --- [DiscoveryClient-CacheRefreshExecutor-0] c.n.d.DiscoveryClient                    : Getting all instance registry info from the eureka server
2019-07-25 22:12:38.853  INFO 16648 --- [DiscoveryClient-CacheRefreshExecutor-0] c.n.d.DiscoveryClient                    : The response status is 200
2019-07-25 22:13:25.357  INFO 16648 --- [http-nio-8002-exec-8] o.a.c.c.C.[.[.[/]                        : Initializing Spring FrameworkServlet 'dispatcherServlet'
2019-07-25 22:13:25.359  INFO 16648 --- [http-nio-8002-exec-8] o.s.w.s.DispatcherServlet                : FrameworkServlet 'dispatcherServlet': initialization started
2019-07-25 22:13:25.392  INFO 16648 --- [http-nio-8002-exec-8] o.s.w.s.DispatcherServlet                : FrameworkServlet 'dispatcherServlet': initialization completed in 33 ms
2019-07-25 22:13:25.611  INFO 16648 --- [http-nio-8002-exec-8] c.a.d.p.DruidDataSource                  : {dataSource-1} inited
2019-07-25 22:13:25.806 DEBUG 16648 --- [http-nio-8002-exec-8] c.g.p.d.P.selectAll                      : ==>  Preparing: SELECT id,objid,objtype,filename,filetype,filesize,fileurl,filepath,suffixname,createdate,reserve1,reserve2,reserve3 FROM papers 
2019-07-25 22:13:25.827 DEBUG 16648 --- [http-nio-8002-exec-8] c.g.p.d.P.selectAll                      : ==> Parameters: 
2019-07-25 22:13:25.854 DEBUG 16648 --- [http-nio-8002-exec-8] c.g.p.d.P.selectAll                      : <==      Total: 25
2019-07-25 22:17:08.363  INFO 16648 --- [AsyncResolver-bootstrap-executor-0] c.n.d.s.r.a.ConfigClusterResolver        : Resolving eureka endpoints via configuration
2019-07-25 22:22:08.375  INFO 16648 --- [AsyncResolver-bootstrap-executor-0] c.n.d.s.r.a.ConfigClusterResolver        : Resolving eureka endpoints via configuration
2019-07-25 22:26:28.775 DEBUG 16648 --- [http-nio-8002-exec-4] c.g.p.d.P.selectAll                      : ==>  Preparing: SELECT id,objid,objtype,filename,filetype,filesize,fileurl,filepath,suffixname,createdate,reserve1,reserve2,reserve3 FROM papers 
2019-07-25 22:26:28.775 DEBUG 16648 --- [http-nio-8002-exec-4] c.g.p.d.P.selectAll                      : ==> Parameters: 
2019-07-25 22:26:28.782 DEBUG 16648 --- [http-nio-8002-exec-4] c.g.p.d.P.selectAll                      : <==      Total: 25
2019-07-25 22:26:37.538 DEBUG 16648 --- [http-nio-8002-exec-1] c.g.p.d.P.selectAll                      : ==>  Preparing: SELECT id,objid,objtype,filename,filetype,filesize,fileurl,filepath,suffixname,createdate,reserve1,reserve2,reserve3 FROM papers 
2019-07-25 22:26:37.539 DEBUG 16648 --- [http-nio-8002-exec-1] c.g.p.d.P.selectAll                      : ==> Parameters: 
2019-07-25 22:26:37.546 DEBUG 16648 --- [http-nio-8002-exec-1] c.g.p.d.P.selectAll                      : <==      Total: 25
2019-07-25 22:27:08.378  INFO 16648 --- [AsyncResolver-bootstrap-executor-0] c.n.d.s.r.a.ConfigClusterResolver        : Resolving eureka endpoints via configuration
2019-07-25 22:32:08.381  INFO 16648 --- [AsyncResolver-bootstrap-executor-0] c.n.d.s.r.a.ConfigClusterResolver        : Resolving eureka endpoints via configuration
2019-07-25 22:37:08.383  INFO 16648 --- [AsyncResolver-bootstrap-executor-0] c.n.d.s.r.a.ConfigClusterResolver        : Resolving eureka endpoints via configuration
2019-07-25 22:42:08.464  INFO 16648 --- [AsyncResolver-bootstrap-executor-0] c.n.d.s.r.a.ConfigClusterResolver        : Resolving eureka endpoints via configuration
2019-07-25 22:46:25.561 DEBUG 16648 --- [http-nio-8002-exec-7] c.g.p.d.P.selectAll                      : ==>  Preparing: SELECT id,objid,objtype,filename,filetype,filesize,fileurl,filepath,suffixname,createdate,reserve1,reserve2,reserve3 FROM papers 
2019-07-25 22:46:25.561 DEBUG 16648 --- [http-nio-8002-exec-7] c.g.p.d.P.selectAll                      : ==> Parameters: 
2019-07-25 22:46:25.567 DEBUG 16648 --- [http-nio-8002-exec-7] c.g.p.d.P.selectAll                      : <==      Total: 25
2019-07-25 22:47:08.466  INFO 16648 --- [AsyncResolver-bootstrap-executor-0] c.n.d.s.r.a.ConfigClusterResolver        : Resolving eureka endpoints via configuration
2019-07-25 22:52:08.479  INFO 16648 --- [AsyncResolver-bootstrap-executor-0] c.n.d.s.r.a.ConfigClusterResolver        : Resolving eureka endpoints via configuration
2019-07-25 22:57:08.492  INFO 16648 --- [AsyncResolver-bootstrap-executor-0] c.n.d.s.r.a.ConfigClusterResolver        : Resolving eureka endpoints via configuration
2019-07-25 23:02:08.493  INFO 16648 --- [AsyncResolver-bootstrap-executor-0] c.n.d.s.r.a.ConfigClusterResolver        : Resolving eureka endpoints via configuration
2019-07-25 23:07:08.495  INFO 16648 --- [AsyncResolver-bootstrap-executor-0] c.n.d.s.r.a.ConfigClusterResolver        : Resolving eureka endpoints via configuration
2019-07-25 23:12:08.496  INFO 16648 --- [AsyncResolver-bootstrap-executor-0] c.n.d.s.r.a.ConfigClusterResolver        : Resolving eureka endpoints via configuration
2019-07-25 23:17:08.502  INFO 16648 --- [AsyncResolver-bootstrap-executor-0] c.n.d.s.r.a.ConfigClusterResolver        : Resolving eureka endpoints via configuration
2019-07-25 23:23:02.387  INFO 8508 --- [restartedMain] c.g.p.ApplicationProductionService       : No active profile set, falling back to default profiles: default
2019-07-25 23:23:02.417  INFO 8508 --- [restartedMain] ConfigServletWebServerApplicationContext : Refreshing org.springframework.boot.web.servlet.context.AnnotationConfigServletWebServerApplicationContext@2a74d6e8: startup date [Thu Jul 25 23:23:02 CST 2019]; parent: org.springframework.context.annotation.AnnotationConfigApplicationContext@332aded0
2019-07-25 23:23:03.845  WARN 8508 --- [restartedMain] o.m.s.m.ClassPathMapperScanner           : No MyBatis mapper was found in '[com.gaohwangh.production]' package. Please check your configuration.
2019-07-25 23:23:04.559  INFO 8508 --- [restartedMain] o.s.c.c.s.GenericScope                   : BeanFactory id=5f906a32-84fb-336d-bab6-92f1517f2229
2019-07-25 23:23:04.577  INFO 8508 --- [restartedMain] f.a.AutowiredAnnotationBeanPostProcessor : JSR-330 'javax.inject.Inject' annotation found and supported for autowiring
2019-07-25 23:23:04.713  INFO 8508 --- [restartedMain] trationDelegate$BeanPostProcessorChecker : Bean 'org.springframework.transaction.annotation.ProxyTransactionManagementConfiguration' of type [org.springframework.transaction.annotation.ProxyTransactionManagementConfiguration$$EnhancerBySpringCGLIB$$5dc85614] is not eligible for getting processed by all BeanPostProcessors (for example: not eligible for auto-proxying)
2019-07-25 23:23:04.748  INFO 8508 --- [restartedMain] trationDelegate$BeanPostProcessorChecker : Bean 'org.springframework.cloud.autoconfigure.ConfigurationPropertiesRebinderAutoConfiguration' of type [org.springframework.cloud.autoconfigure.ConfigurationPropertiesRebinderAutoConfiguration$$EnhancerBySpringCGLIB$$79e25911] is not eligible for getting processed by all BeanPostProcessors (for example: not eligible for auto-proxying)
2019-07-25 23:23:05.642  INFO 8508 --- [restartedMain] o.s.b.w.e.t.TomcatWebServer              : Tomcat initialized with port(s): 8002 (http)
2019-07-25 23:23:05.691  INFO 8508 --- [restartedMain] o.a.c.c.StandardService                  : Starting service [Tomcat]
2019-07-25 23:23:05.692  INFO 8508 --- [restartedMain] o.a.c.c.StandardEngine                   : Starting Servlet Engine: Apache Tomcat/8.5.35
2019-07-25 23:23:05.699  INFO 8508 --- [localhost-startStop-1] o.a.c.c.AprLifecycleListener             : The APR based Apache Tomcat Native library which allows optimal performance in production environments was not found on the java.library.path: [C:\Program Files\Java\jdk1.8.0_121\bin;C:\WINDOWS\Sun\Java\bin;C:\WINDOWS\system32;C:\WINDOWS;D:\Program Files (x86)\NetSarang\Xshell 6\;C:\Program Files (x86)\Common Files\Oracle\Java\javapath;C:\ProgramData\Oracle\Java\javapath;C:\WINDOWS\system32;C:\WINDOWS;C:\WINDOWS\System32\Wbem;C:\WINDOWS\System32\WindowsPowerShell\v1.0\;C:\WINDOWS\System32\OpenSSH\;C:\Program Files\TortoiseSVN\bin;D:\Program Files\instantclient_11_2;C:\Program Files\MySQL\MySQL Server 5.5\bin;D:\Program Files\Git\cmd;D:\Program Files\erl10.2\bin;C:\Program Files\Intel\WiFi\bin\;C:\Program Files\Common Files\Intel\WirelessCommon\;E:\apache-maven-3.3.9\bin;C:\Program Files\Java\jdk1.8.0_121\bin;D:\Program Files\nodejs\node_global;D:\Program Files\nodejs\node_global\node_modules;D:\Program Files\nodejs\;C:\Users\GH\AppData\Local\Microsoft\WindowsApps;C:\Program Files\Intel\WiFi\bin\;C:\Program Files\Common Files\Intel\WirelessCommon\;C:\Users\GH\AppData\Roaming\npm;.]
2019-07-25 23:23:05.892  INFO 8508 --- [localhost-startStop-1] o.a.c.c.C.[.[.[/]                        : Initializing Spring embedded WebApplicationContext
2019-07-25 23:23:05.895  INFO 8508 --- [localhost-startStop-1] o.s.w.c.ContextLoader                    : Root WebApplicationContext: initialization completed in 3477 ms
2019-07-25 23:23:06.003  INFO 8508 --- [localhost-startStop-1] o.s.b.w.s.ServletRegistrationBean        : Servlet dispatcherServlet mapped to [/]
2019-07-25 23:23:06.014  INFO 8508 --- [localhost-startStop-1] o.s.b.w.s.FilterRegistrationBean         : Mapping filter: 'characterEncodingFilter' to: [/*]
2019-07-25 23:23:06.014  INFO 8508 --- [localhost-startStop-1] o.s.b.w.s.FilterRegistrationBean         : Mapping filter: 'hiddenHttpMethodFilter' to: [/*]
2019-07-25 23:23:06.015  INFO 8508 --- [localhost-startStop-1] o.s.b.w.s.FilterRegistrationBean         : Mapping filter: 'httpPutFormContentFilter' to: [/*]
2019-07-25 23:23:06.015  INFO 8508 --- [localhost-startStop-1] o.s.b.w.s.FilterRegistrationBean         : Mapping filter: 'requestContextFilter' to: [/*]
2019-07-25 23:23:06.854  WARN 8508 --- [restartedMain] c.n.c.s.URLConfigurationSource           : No URLs will be polled as dynamic configuration sources.
2019-07-25 23:23:06.855  INFO 8508 --- [restartedMain] c.n.c.s.URLConfigurationSource           : To enable URLs as dynamic configuration sources, define System property archaius.configurationSource.additionalUrls or make config.properties available on classpath.
2019-07-25 23:23:06.867  WARN 8508 --- [restartedMain] c.n.c.s.URLConfigurationSource           : No URLs will be polled as dynamic configuration sources.
2019-07-25 23:23:06.867  INFO 8508 --- [restartedMain] c.n.c.s.URLConfigurationSource           : To enable URLs as dynamic configuration sources, define System property archaius.configurationSource.additionalUrls or make config.properties available on classpath.
2019-07-25 23:23:07.056  INFO 8508 --- [restartedMain] o.s.w.s.h.SimpleUrlHandlerMapping        : Mapped URL path [/**/favicon.ico] onto handler of type [class org.springframework.web.servlet.resource.ResourceHttpRequestHandler]
2019-07-25 23:23:07.364  INFO 8508 --- [restartedMain] s.w.s.m.m.a.RequestMappingHandlerAdapter : Looking for @ControllerAdvice: org.springframework.boot.web.servlet.context.AnnotationConfigServletWebServerApplicationContext@2a74d6e8: startup date [Thu Jul 25 23:23:02 CST 2019]; parent: org.springframework.context.annotation.AnnotationConfigApplicationContext@332aded0
2019-07-25 23:23:07.470  INFO 8508 --- [restartedMain] s.w.s.m.m.a.RequestMappingHandlerMapping : Mapped "{[/papers/insert],methods=[POST],consumes=[application/json]}" onto public void com.gaohwangh.production.callback.PapersClientBackImpl.insert(com.gaohwangh.api.model.PapersModel)
2019-07-25 23:23:07.471  INFO 8508 --- [restartedMain] s.w.s.m.m.a.RequestMappingHandlerMapping : Mapped "{[/papers/selectAll],methods=[POST]}" onto public java.util.List<com.gaohwangh.api.model.PapersModel> com.gaohwangh.production.callback.PapersClientBackImpl.getPapers()
2019-07-25 23:23:07.471  INFO 8508 --- [restartedMain] s.w.s.m.m.a.RequestMappingHandlerMapping : Mapped "{[/papers/selectById]}" onto public com.gaohwangh.api.model.PapersModel com.gaohwangh.production.callback.PapersClientBackImpl.selectById(java.lang.Integer)
2019-07-25 23:23:07.474  INFO 8508 --- [restartedMain] s.w.s.m.m.a.RequestMappingHandlerMapping : Mapped "{[/user/userAdd]}" onto public void com.gaohwangh.production.callback.SysUserClientBackImpl.userAdd(com.gaohwangh.api.model.SysUserModel)
2019-07-25 23:23:07.477  INFO 8508 --- [restartedMain] s.w.s.m.m.a.RequestMappingHandlerMapping : Mapped "{[/error]}" onto public org.springframework.http.ResponseEntity<java.util.Map<java.lang.String, java.lang.Object>> org.springframework.boot.autoconfigure.web.servlet.error.BasicErrorController.error(javax.servlet.http.HttpServletRequest)
2019-07-25 23:23:07.477  INFO 8508 --- [restartedMain] s.w.s.m.m.a.RequestMappingHandlerMapping : Mapped "{[/error],produces=[text/html]}" onto public org.springframework.web.servlet.ModelAndView org.springframework.boot.autoconfigure.web.servlet.error.BasicErrorController.errorHtml(javax.servlet.http.HttpServletRequest,javax.servlet.http.HttpServletResponse)
2019-07-25 23:23:07.525  INFO 8508 --- [restartedMain] o.s.w.s.h.SimpleUrlHandlerMapping        : Mapped URL path [/webjars/**] onto handler of type [class org.springframework.web.servlet.resource.ResourceHttpRequestHandler]
2019-07-25 23:23:07.525  INFO 8508 --- [restartedMain] o.s.w.s.h.SimpleUrlHandlerMapping        : Mapped URL path [/**] onto handler of type [class org.springframework.web.servlet.resource.ResourceHttpRequestHandler]
2019-07-25 23:23:08.058  WARN 8508 --- [restartedMain] o.s.b.d.a.OptionalLiveReloadServer       : Unable to start LiveReload server
2019-07-25 23:23:09.414  INFO 8508 --- [restartedMain] o.s.j.e.a.AnnotationMBeanExporter        : Registering beans for JMX exposure on startup
2019-07-25 23:23:09.416  INFO 8508 --- [restartedMain] o.s.j.e.a.AnnotationMBeanExporter        : Bean with name 'dataSource' has been autodetected for JMX exposure
2019-07-25 23:23:09.433  INFO 8508 --- [restartedMain] o.s.j.e.a.AnnotationMBeanExporter        : Bean with name 'refreshScope' has been autodetected for JMX exposure
2019-07-25 23:23:09.434  INFO 8508 --- [restartedMain] o.s.j.e.a.AnnotationMBeanExporter        : Bean with name 'configurationPropertiesRebinder' has been autodetected for JMX exposure
2019-07-25 23:23:09.435  INFO 8508 --- [restartedMain] o.s.j.e.a.AnnotationMBeanExporter        : Bean with name 'environmentManager' has been autodetected for JMX exposure
2019-07-25 23:23:09.439  INFO 8508 --- [restartedMain] o.s.j.e.a.AnnotationMBeanExporter        : Located managed bean 'environmentManager': registering with JMX server as MBean [org.springframework.cloud.context.environment:name=environmentManager,type=EnvironmentManager]
2019-07-25 23:23:09.458  INFO 8508 --- [restartedMain] o.s.j.e.a.AnnotationMBeanExporter        : Located managed bean 'refreshScope': registering with JMX server as MBean [org.springframework.cloud.context.scope.refresh:name=refreshScope,type=RefreshScope]
2019-07-25 23:23:09.479  INFO 8508 --- [restartedMain] o.s.j.e.a.AnnotationMBeanExporter        : Located managed bean 'configurationPropertiesRebinder': registering with JMX server as MBean [org.springframework.cloud.context.properties:name=configurationPropertiesRebinder,context=2a74d6e8,type=ConfigurationPropertiesRebinder]
2019-07-25 23:23:09.490  INFO 8508 --- [restartedMain] o.s.j.e.a.AnnotationMBeanExporter        : Located MBean 'dataSource': registering with JMX server as MBean [com.alibaba.druid.pool:name=dataSource,type=DruidDataSource]
2019-07-25 23:23:09.498  INFO 8508 --- [restartedMain] o.s.c.s.DefaultLifecycleProcessor        : Starting beans in phase 0
2019-07-25 23:23:09.523  INFO 8508 --- [restartedMain] o.s.c.n.e.InstanceInfoFactory            : Setting initial instance status as: STARTING
2019-07-25 23:23:09.592  INFO 8508 --- [restartedMain] c.n.d.DiscoveryClient                    : Initializing Eureka in region us-east-1
2019-07-25 23:23:09.687  INFO 8508 --- [restartedMain] c.n.d.p.DiscoveryJerseyProvider          : Using JSON encoding codec LegacyJacksonJson
2019-07-25 23:23:09.687  INFO 8508 --- [restartedMain] c.n.d.p.DiscoveryJerseyProvider          : Using JSON decoding codec LegacyJacksonJson
2019-07-25 23:23:09.885  INFO 8508 --- [restartedMain] c.n.d.p.DiscoveryJerseyProvider          : Using XML encoding codec XStreamXml
2019-07-25 23:23:09.885  INFO 8508 --- [restartedMain] c.n.d.p.DiscoveryJerseyProvider          : Using XML decoding codec XStreamXml
2019-07-25 23:23:10.314  INFO 8508 --- [restartedMain] c.n.d.s.r.a.ConfigClusterResolver        : Resolving eureka endpoints via configuration
2019-07-25 23:23:10.468  INFO 8508 --- [restartedMain] c.n.d.DiscoveryClient                    : Disable delta property : false
2019-07-25 23:23:10.468  INFO 8508 --- [restartedMain] c.n.d.DiscoveryClient                    : Single vip registry refresh property : null
2019-07-25 23:23:10.468  INFO 8508 --- [restartedMain] c.n.d.DiscoveryClient                    : Force full registry fetch : false
2019-07-25 23:23:10.468  INFO 8508 --- [restartedMain] c.n.d.DiscoveryClient                    : Application is null : false
2019-07-25 23:23:10.468  INFO 8508 --- [restartedMain] c.n.d.DiscoveryClient                    : Registered Applications size is zero : true
2019-07-25 23:23:10.468  INFO 8508 --- [restartedMain] c.n.d.DiscoveryClient                    : Application version is -1: true
2019-07-25 23:23:10.468  INFO 8508 --- [restartedMain] c.n.d.DiscoveryClient                    : Getting all instance registry info from the eureka server
2019-07-25 23:23:10.620  INFO 8508 --- [restartedMain] c.n.d.DiscoveryClient                    : The response status is 200
2019-07-25 23:23:10.623  INFO 8508 --- [restartedMain] c.n.d.DiscoveryClient                    : Starting heartbeat executor: renew interval is: 5
2019-07-25 23:23:10.628  INFO 8508 --- [restartedMain] c.n.d.InstanceInfoReplicator             : InstanceInfoReplicator onDemand update allowed rate per min is 4
2019-07-25 23:23:10.633  INFO 8508 --- [restartedMain] c.n.d.DiscoveryClient                    : Discovery Client initialized at timestamp 1564068190631 with initial instances count: 0
2019-07-25 23:23:10.640  INFO 8508 --- [restartedMain] o.s.c.n.e.s.EurekaServiceRegistry        : Registering application OURLOVE-PRODUCTION with eureka with status UP
2019-07-25 23:23:10.642  INFO 8508 --- [restartedMain] c.n.d.DiscoveryClient                    : Saw local status change event StatusChangeEvent [timestamp=1564068190642, current=UP, previous=STARTING]
2019-07-25 23:23:10.644  INFO 8508 --- [DiscoveryClient-InstanceInfoReplicator-0] c.n.d.DiscoveryClient                    : DiscoveryClient_OURLOVE-PRODUCTION/ourlove-production:8002: registering service...
2019-07-25 23:23:10.726  INFO 8508 --- [restartedMain] o.s.b.w.e.t.TomcatWebServer              : Tomcat started on port(s): 8002 (http) with context path ''
2019-07-25 23:23:10.730  INFO 8508 --- [restartedMain] .s.c.n.e.s.EurekaAutoServiceRegistration : Updating port to 8002
2019-07-25 23:23:10.737  INFO 8508 --- [restartedMain] c.g.p.ApplicationProductionService       : Started ApplicationProductionService in 12.679 seconds (JVM running for 16.213)
2019-07-25 23:23:10.766  INFO 8508 --- [DiscoveryClient-InstanceInfoReplicator-0] c.n.d.DiscoveryClient                    : DiscoveryClient_OURLOVE-PRODUCTION/ourlove-production:8002 - registration status: 204
2019-07-25 23:23:40.626  INFO 8508 --- [DiscoveryClient-CacheRefreshExecutor-0] c.n.d.DiscoveryClient                    : Disable delta property : false
2019-07-25 23:23:40.627  INFO 8508 --- [DiscoveryClient-CacheRefreshExecutor-0] c.n.d.DiscoveryClient                    : Single vip registry refresh property : null
2019-07-25 23:23:40.627  INFO 8508 --- [DiscoveryClient-CacheRefreshExecutor-0] c.n.d.DiscoveryClient                    : Force full registry fetch : false
2019-07-25 23:23:40.627  INFO 8508 --- [DiscoveryClient-CacheRefreshExecutor-0] c.n.d.DiscoveryClient                    : Application is null : false
2019-07-25 23:23:40.627  INFO 8508 --- [DiscoveryClient-CacheRefreshExecutor-0] c.n.d.DiscoveryClient                    : Registered Applications size is zero : true
2019-07-25 23:23:40.628  INFO 8508 --- [DiscoveryClient-CacheRefreshExecutor-0] c.n.d.DiscoveryClient                    : Application version is -1: false
2019-07-25 23:23:40.628  INFO 8508 --- [DiscoveryClient-CacheRefreshExecutor-0] c.n.d.DiscoveryClient                    : Getting all instance registry info from the eureka server
2019-07-25 23:23:40.699  INFO 8508 --- [DiscoveryClient-CacheRefreshExecutor-0] c.n.d.DiscoveryClient                    : The response status is 200
2019-07-25 23:28:10.478  INFO 8508 --- [AsyncResolver-bootstrap-executor-0] c.n.d.s.r.a.ConfigClusterResolver        : Resolving eureka endpoints via configuration
2019-07-25 23:33:10.479  INFO 8508 --- [AsyncResolver-bootstrap-executor-0] c.n.d.s.r.a.ConfigClusterResolver        : Resolving eureka endpoints via configuration
2019-07-25 23:38:10.481  INFO 8508 --- [AsyncResolver-bootstrap-executor-0] c.n.d.s.r.a.ConfigClusterResolver        : Resolving eureka endpoints via configuration
2019-07-25 23:43:10.483  INFO 8508 --- [AsyncResolver-bootstrap-executor-0] c.n.d.s.r.a.ConfigClusterResolver        : Resolving eureka endpoints via configuration
2019-07-25 23:47:54.175  INFO 8508 --- [http-nio-8002-exec-1] o.a.c.c.C.[.[.[/]                        : Initializing Spring FrameworkServlet 'dispatcherServlet'
2019-07-25 23:47:54.178  INFO 8508 --- [http-nio-8002-exec-1] o.s.w.s.DispatcherServlet                : FrameworkServlet 'dispatcherServlet': initialization started
2019-07-25 23:47:54.218  INFO 8508 --- [http-nio-8002-exec-1] o.s.w.s.DispatcherServlet                : FrameworkServlet 'dispatcherServlet': initialization completed in 40 ms
2019-07-25 23:48:10.486  INFO 8508 --- [AsyncResolver-bootstrap-executor-0] c.n.d.s.r.a.ConfigClusterResolver        : Resolving eureka endpoints via configuration
2019-07-25 23:53:10.487  INFO 8508 --- [AsyncResolver-bootstrap-executor-0] c.n.d.s.r.a.ConfigClusterResolver        : Resolving eureka endpoints via configuration
2019-07-25 23:58:10.555  INFO 8508 --- [AsyncResolver-bootstrap-executor-0] c.n.d.s.r.a.ConfigClusterResolver        : Resolving eureka endpoints via configuration
2019-07-26 00:03:10.556  INFO 8508 --- [AsyncResolver-bootstrap-executor-0] c.n.d.s.r.a.ConfigClusterResolver        : Resolving eureka endpoints via configuration
2019-07-26 00:08:10.558  INFO 8508 --- [AsyncResolver-bootstrap-executor-0] c.n.d.s.r.a.ConfigClusterResolver        : Resolving eureka endpoints via configuration
2019-07-26 00:13:10.559  INFO 8508 --- [AsyncResolver-bootstrap-executor-0] c.n.d.s.r.a.ConfigClusterResolver        : Resolving eureka endpoints via configuration
2019-07-26 00:18:10.561  INFO 8508 --- [AsyncResolver-bootstrap-executor-0] c.n.d.s.r.a.ConfigClusterResolver        : Resolving eureka endpoints via configuration
2019-07-26 00:23:10.567  INFO 8508 --- [AsyncResolver-bootstrap-executor-0] c.n.d.s.r.a.ConfigClusterResolver        : Resolving eureka endpoints via configuration
2019-07-26 00:28:10.568  INFO 8508 --- [AsyncResolver-bootstrap-executor-0] c.n.d.s.r.a.ConfigClusterResolver        : Resolving eureka endpoints via configuration
2019-07-26 00:33:10.570  INFO 8508 --- [AsyncResolver-bootstrap-executor-0] c.n.d.s.r.a.ConfigClusterResolver        : Resolving eureka endpoints via configuration
2019-07-26 00:38:10.571  INFO 8508 --- [AsyncResolver-bootstrap-executor-0] c.n.d.s.r.a.ConfigClusterResolver        : Resolving eureka endpoints via configuration
2019-07-26 00:43:10.574  INFO 8508 --- [AsyncResolver-bootstrap-executor-0] c.n.d.s.r.a.ConfigClusterResolver        : Resolving eureka endpoints via configuration
2019-07-26 00:48:10.575  INFO 8508 --- [AsyncResolver-bootstrap-executor-0] c.n.d.s.r.a.ConfigClusterResolver        : Resolving eureka endpoints via configuration
2019-07-26 00:53:10.576  INFO 8508 --- [AsyncResolver-bootstrap-executor-0] c.n.d.s.r.a.ConfigClusterResolver        : Resolving eureka endpoints via configuration
2019-07-26 00:58:10.577  INFO 8508 --- [AsyncResolver-bootstrap-executor-0] c.n.d.s.r.a.ConfigClusterResolver        : Resolving eureka endpoints via configuration
